c:\users\pc1\downloads\129기\api 5일차-포신돌리기\default\debug\default.pch
c:\users\pc1\downloads\129기\api 5일차-포신돌리기\default\debug\vc140.pdb
c:\users\pc1\downloads\129기\api 5일차-포신돌리기\default\debug\vc140.idb
c:\users\pc1\downloads\129기\api 5일차-포신돌리기\default\debug\stdafx.obj
c:\users\pc1\downloads\129기\api 5일차-포신돌리기\default\debug\bullet.obj
c:\users\pc1\downloads\129기\api 5일차-포신돌리기\default\debug\collisionmgr.obj
c:\users\pc1\downloads\129기\api 5일차-포신돌리기\default\debug\monster.obj
c:\users\pc1\downloads\129기\api 5일차-포신돌리기\default\debug\mouse.obj
c:\users\pc1\downloads\129기\api 5일차-포신돌리기\default\debug\obj.obj
c:\users\pc1\downloads\129기\api 5일차-포신돌리기\default\debug\shield.obj
c:\users\pc1\downloads\129기\api 5일차-포신돌리기\default\debug\maingame.obj
c:\users\pc1\downloads\129기\api 5일차-포신돌리기\default\debug\player.obj
c:\users\pc1\downloads\129기\api 5일차-포신돌리기\default\debug\default.obj
c:\users\pc1\downloads\129기\api 5일차-포신돌리기\default\debug\screwbullet.obj
c:\users\pc1\downloads\129기\api 5일차-포신돌리기\debug\default.ilk
c:\users\pc1\downloads\129기\api 5일차-포신돌리기\debug\default.exe
c:\users\pc1\downloads\129기\api 5일차-포신돌리기\debug\default.pdb
c:\users\pc1\downloads\129기\api 5일차-포신돌리기\default\debug\default.res
c:\users\pc1\downloads\129기\frame129\default\debug\bullet.obj
c:\users\pc1\downloads\129기\frame129\default\debug\collisionmgr.obj
c:\users\pc1\downloads\129기\frame129\default\debug\default.obj
c:\users\pc1\downloads\129기\frame129\default\debug\maingame.obj
c:\users\pc1\downloads\129기\frame129\default\debug\monster.obj
c:\users\pc1\downloads\129기\frame129\default\debug\mouse.obj
c:\users\pc1\downloads\129기\frame129\default\debug\obj.obj
c:\users\pc1\downloads\129기\frame129\default\debug\player.obj
c:\users\pc1\downloads\129기\frame129\default\debug\screwbullet.obj
c:\users\pc1\downloads\129기\frame129\default\debug\shield.obj
c:\users\pc1\downloads\129기\frame129\default\debug\stdafx.obj
c:\users\pc1\downloads\129기\frame129\default\debug\default.res
c:\users\pc1\downloads\129기\frame129\default\debug\default.pch
c:\users\pc1\downloads\129기\frame129\default\debug\vc140.idb
c:\users\pc1\downloads\129기\frame129\default\debug\vc140.pdb
c:\users\pc1\downloads\129기\frame129\debug\default.pdb
c:\users\pc1\downloads\129기\frame129\debug\default.exe
c:\users\pc1\downloads\129기\frame129\debug\default.ilk
c:\users\pc1\downloads\129기\frame129\default\debug\default.tlog\cl.command.1.tlog
c:\users\pc1\downloads\129기\frame129\default\debug\default.tlog\cl.read.1.tlog
c:\users\pc1\downloads\129기\frame129\default\debug\default.tlog\cl.write.1.tlog
c:\users\pc1\downloads\129기\frame129\default\debug\default.tlog\link.command.1.tlog
c:\users\pc1\downloads\129기\frame129\default\debug\default.tlog\link.read.1.tlog
c:\users\pc1\downloads\129기\frame129\default\debug\default.tlog\link.write.1.tlog
c:\users\pc1\downloads\129기\frame129\default\debug\default.tlog\rc.command.1.tlog
c:\users\pc1\downloads\129기\frame129\default\debug\default.tlog\rc.read.1.tlog
c:\users\pc1\downloads\129기\frame129\default\debug\default.tlog\rc.write.1.tlog
