  DarkedMage.cpp
C:\Users\thehe\OneDrive\BackGround\JusinAPIPo\MapleStory\Default\SpawnMgr.h(13,15): warning C4244: '=': 'float'에서 'LONG'(으)로 변환하면서 데이터가 손실될 수 있습니다.
C:\Users\thehe\OneDrive\BackGround\JusinAPIPo\MapleStory\Default\SpawnMgr.h(14,16): warning C4244: '=': 'float'에서 'LONG'(으)로 변환하면서 데이터가 손실될 수 있습니다.
C:\Users\thehe\OneDrive\BackGround\JusinAPIPo\MapleStory\Default\SpawnMgr.h(15,17): warning C4244: '=': 'float'에서 'LONG'(으)로 변환하면서 데이터가 손실될 수 있습니다.
C:\Users\thehe\OneDrive\BackGround\JusinAPIPo\MapleStory\Default\DarkedMage.cpp(16,14): warning C4244: '초기화 중': 'ULONGLONG'에서 'float'(으)로 변환하면서 데이터가 손실될 수 있습니다.
C:\Users\thehe\OneDrive\BackGround\JusinAPIPo\MapleStory\Default\DarkedMage.cpp(34,21): warning C4244: '=': 'float'에서 'DWORD'(으)로 변환하면서 데이터가 손실될 수 있습니다.
C:\Users\thehe\OneDrive\BackGround\JusinAPIPo\MapleStory\Default\DarkedMage.cpp(41,18): warning C4244: '=': 'float'에서 'LONG'(으)로 변환하면서 데이터가 손실될 수 있습니다.
C:\Users\thehe\OneDrive\BackGround\JusinAPIPo\MapleStory\Default\DarkedMage.cpp(42,19): warning C4244: '=': 'float'에서 'LONG'(으)로 변환하면서 데이터가 손실될 수 있습니다.
C:\Users\thehe\OneDrive\BackGround\JusinAPIPo\MapleStory\Default\DarkedMage.cpp(62,34): warning C4244: '=': 'ULONGLONG'에서 'float'(으)로 변환하면서 데이터가 손실될 수 있습니다.
C:\Users\thehe\OneDrive\BackGround\JusinAPIPo\MapleStory\Default\DarkedMage.cpp(66,41): warning C4244: '=': 'ULONGLONG'에서 'float'(으)로 변환하면서 데이터가 손실될 수 있습니다.
C:\Users\thehe\OneDrive\BackGround\JusinAPIPo\MapleStory\Default\DarkedMage.cpp(69,41): warning C4244: '=': 'ULONGLONG'에서 'float'(으)로 변환하면서 데이터가 손실될 수 있습니다.
C:\Users\thehe\OneDrive\BackGround\JusinAPIPo\MapleStory\Default\DarkedMage.cpp(156,60): warning C4244: '=': 'int'에서 'float'(으)로 변환하면서 데이터가 손실될 수 있습니다.
C:\Users\thehe\OneDrive\BackGround\JusinAPIPo\MapleStory\Default\DarkedMage.cpp(180,30): warning C4244: '=': 'ULONGLONG'에서 'float'(으)로 변환하면서 데이터가 손실될 수 있습니다.
C:\Users\thehe\OneDrive\BackGround\JusinAPIPo\MapleStory\Default\DarkedMage.cpp(196,34): warning C4244: '=': 'ULONGLONG'에서 'float'(으)로 변환하면서 데이터가 손실될 수 있습니다.
C:\Users\thehe\OneDrive\BackGround\JusinAPIPo\MapleStory\Default\DarkedMage.cpp(207,42): warning C4244: '=': 'ULONGLONG'에서 'float'(으)로 변환하면서 데이터가 손실될 수 있습니다.
C:\Users\thehe\OneDrive\BackGround\JusinAPIPo\MapleStory\Default\DarkedMage.cpp(218,42): warning C4244: '=': 'ULONGLONG'에서 'float'(으)로 변환하면서 데이터가 손실될 수 있습니다.
C:\Users\thehe\OneDrive\BackGround\JusinAPIPo\MapleStory\Default\DarkedMage.cpp(245,42): warning C4244: '=': 'ULONGLONG'에서 'float'(으)로 변환하면서 데이터가 손실될 수 있습니다.
C:\Users\thehe\OneDrive\BackGround\JusinAPIPo\MapleStory\Default\DarkedMage.cpp(266,42): warning C4244: '=': 'ULONGLONG'에서 'float'(으)로 변환하면서 데이터가 손실될 수 있습니다.
C:\Users\thehe\OneDrive\BackGround\JusinAPIPo\MapleStory\Default\DarkedMage.cpp(297,23): warning C4244: '=': 'float'에서 'DWORD'(으)로 변환하면서 데이터가 손실될 수 있습니다.
C:\Users\thehe\OneDrive\BackGround\JusinAPIPo\MapleStory\Default\DarkedMage.cpp(313,23): warning C4244: '=': 'float'에서 'DWORD'(으)로 변환하면서 데이터가 손실될 수 있습니다.
C:\Users\thehe\OneDrive\BackGround\JusinAPIPo\MapleStory\Default\DarkedMage.cpp(321,23): warning C4244: '=': 'float'에서 'DWORD'(으)로 변환하면서 데이터가 손실될 수 있습니다.
C:\Users\thehe\OneDrive\BackGround\JusinAPIPo\MapleStory\Default\DarkedMage.cpp(329,23): warning C4244: '=': 'float'에서 'DWORD'(으)로 변환하면서 데이터가 손실될 수 있습니다.
  Default.vcxproj -> C:\Users\thehe\OneDrive\BackGround\JusinAPIPo\MapleStory\Debug\Default.exe
